<?xml version="1.0" encoding="UTF-8"?>
<!-- Generated by org.testng.reporters.JUnitReportReporter -->
<testsuite hostname="LAPTOP-RF0I95P3" name="com.hujunqi.day01.TestNGDemo1" tests="2" failures="0" timestamp="21 Dec 2021 10:45:31 GMT" time="10.023" errors="0">
  <testcase name="testCase2" time="5.008" classname="com.hujunqi.day01.TestNGDemo1"/>
  <testcase name="testCase1" time="5.015" classname="com.hujunqi.day01.TestNGDemo1"/>
</testsuite> <!-- com.hujunqi.day01.TestNGDemo1 -->
