<?xml version="1.0" encoding="UTF-8"?>
<!-- Generated by org.testng.reporters.JUnitReportReporter -->
<testsuite hostname="LAPTOP-RF0I95P3" name="com.hujunqi.day01.BrowserActionsTest" tests="1" failures="0" timestamp="21 Dec 2021 03:43:20 GMT" time="16.572" errors="0">
  <testcase name="judgeUrlWhetherTrue" time="16.572" classname="com.hujunqi.day01.BrowserActionsTest"/>
</testsuite> <!-- com.hujunqi.day01.BrowserActionsTest -->
