<?xml version="1.0" encoding="UTF-8"?>
<!-- Generated by org.testng.reporters.JUnitReportReporter -->
<testsuite hostname="LAPTOP-RF0I95P3" name="com.hujunqi.day01.CloseBrowserTest" tests="1" failures="0" timestamp="21 Dec 2021 03:22:20 GMT" time="11.226" errors="0">
  <testcase name="closeeChrome" time="11.226" classname="com.hujunqi.day01.CloseBrowserTest"/>
</testsuite> <!-- com.hujunqi.day01.CloseBrowserTest -->
