<?xml version="1.0" encoding="UTF-8"?>
<!-- Generated by org.testng.reporters.JUnitReportReporter -->
<testsuite hostname="LAPTOP-RF0I95P3" name="com.hujunqi.day07.SendEmailTest" tests="1" failures="0" timestamp="21 Dec 2021 03:43:20 GMT" time="13.793" errors="0">
  <testcase name="sendEmail" time="13.793" classname="com.hujunqi.day07.SendEmailTest"/>
</testsuite> <!-- com.hujunqi.day07.SendEmailTest -->
