<?xml version="1.0" encoding="UTF-8"?>
<!-- Generated by org.testng.reporters.JUnitReportReporter -->
<testsuite hostname="LAPTOP-RF0I95P3" name="com.hujunqi.day05.AlertTest" tests="1" failures="0" timestamp="21 Dec 2021 03:22:20 GMT" time="2.171" errors="0">
  <testcase name="alertTestDemo" time="2.171" classname="com.hujunqi.day05.AlertTest"/>
</testsuite> <!-- com.hujunqi.day05.AlertTest -->
