<?xml version="1.0" encoding="UTF-8"?>
<!-- Generated by org.testng.reporters.JUnitReportReporter -->
<testsuite hostname="LAPTOP-RF0I95P3" name="com.hujunqi.day05.WindowSelectTest" tests="1" failures="0" timestamp="21 Dec 2021 03:43:20 GMT" time="8.266" errors="0">
  <testcase name="testWin" time="8.266" classname="com.hujunqi.day05.WindowSelectTest"/>
</testsuite> <!-- com.hujunqi.day05.WindowSelectTest -->
