<?xml version="1.0" encoding="UTF-8"?>
<!-- Generated by org.testng.reporters.JUnitReportReporter -->
<testsuite hostname="LAPTOP-RF0I95P3" name="com.hujunqi.day08.DataDriverTest" tests="2" failures="0" timestamp="21 Dec 2021 03:43:20 GMT" time="0.000" errors="0">
  <testcase name="loginTest" time="0.000" classname="com.hujunqi.day08.DataDriverTest"/>
  <testcase name="loginTest" time="0.000" classname="com.hujunqi.day08.DataDriverTest"/>
</testsuite> <!-- com.hujunqi.day08.DataDriverTest -->
